{"/Users/nana/workspaces/oss/ts-lib/src/index.ts": {"path":"/Users/nana/workspaces/oss/ts-lib/src/index.ts","statementMap":{"0":{"start":{"line":2,"column":2},"end":{"line":2,"column":36}}},"fnMap":{"0":{"name":"isBoolean","decl":{"start":{"line":1,"column":16},"end":{"line":1,"column":25}},"loc":{"start":{"line":1,"column":47},"end":{"line":3,"column":1}},"line":1}},"branchMap":{},"s":{"0":6},"f":{"0":6},"b":{},"_coverageSchema":"1a1c01bbd47fc00a2c39e90264f33305004495a9","hash":"e54fe0628e3f5b0f095f96f34c473a3ff40045df"}
}
